# JRE version: OpenJDK Runtime Environment Temurin-17.0.13+11 (17.0.13+11) (build 17.0.13+11)
# Java VM: OpenJDK 64-Bit Server VM Temurin-17.0.13+11 (17.0.13+11, mixed mode, tiered, compressed oops, compressed class ptrs, parallel gc, windows-amd64)
GC Precious Log:
 CPUs: 12 total, 12 available
 Memory: 16148M
 Large Page Support: Disabled
 NUMA Support: Disabled
 Compressed Oops: Enabled (32-bit)
 Alignments: Space 512K, Generation 512K, Heap 2M
 Heap Min Capacity: 100M
 Heap Initial Capacity: 100M
 Heap Max Capacity: 1G
 Pre-touch: Disabled
 Parallel Workers: 10
Heap:
 PSYoungGen      total 5120K, used 4795K [0x00000000eab00000, 0x00000000eb600000, 0x0000000100000000)
  eden space 3072K, 89% used [0x00000000eab00000,0x00000000eadaed08,0x00000000eae00000)
  from space 2048K, 100% used [0x00000000eae00000,0x00000000eb000000,0x00000000eb000000)
  to   space 4096K, 0% used [0x00000000eb200000,0x00000000eb200000,0x00000000eb600000)
 ParOldGen       total 387072K, used 386792K [0x00000000c0000000, 0x00000000d7a00000, 0x00000000eab00000)
  object space 387072K, 99% used [0x00000000c0000000,0x00000000d79ba188,0x00000000d7a00000)
 Metaspace       used 86507K, committed 87936K, reserved 1179648K
  class space    used 8730K, committed 9408K, reserved 1048576K
GC Heap History (20 events):
Event: 2004.282 GC heap after
{Heap after GC invocations=857 (full 9):
 PSYoungGen      total 3072K, used 1888K [0x00000000eab00000, 0x00000000eb380000, 0x0000000100000000)
  eden space 1024K, 0% used [0x00000000eab00000,0x00000000eab00000,0x00000000eac00000)
  from space 2048K, 92% used [0x00000000eb180000,0x00000000eb358000,0x00000000eb380000)
  to   space 3072K, 0% used [0x00000000ead80000,0x00000000ead80000,0x00000000eb080000)
 ParOldGen       total 387072K, used 379981K [0x00000000c0000000, 0x00000000d7a00000, 0x00000000eab00000)
  object space 387072K, 98% used [0x00000000c0000000,0x00000000d7313658,0x00000000d7a00000)
 Metaspace       used 86476K, committed 87936K, reserved 1179648K
  class space    used 8729K, committed 9408K, reserved 1048576K
}
Event: 2004.303 GC heap before
{Heap before GC invocations=858 (full 9):
 PSYoungGen      total 3072K, used 2912K [0x00000000eab00000, 0x00000000eb380000, 0x0000000100000000)
  eden space 1024K, 100% used [0x00000000eab00000,0x00000000eac00000,0x00000000eac00000)
  from space 2048K, 92% used [0x00000000eb180000,0x00000000eb358000,0x00000000eb380000)
  to   space 3072K, 0% used [0x00000000ead80000,0x00000000ead80000,0x00000000eb080000)
 ParOldGen       total 387072K, used 379981K [0x00000000c0000000, 0x00000000d7a00000, 0x00000000eab00000)
  object space 387072K, 98% used [0x00000000c0000000,0x00000000d7313658,0x00000000d7a00000)
 Metaspace       used 86477K, committed 87936K, reserved 1179648K
  class space    used 8729K, committed 9408K, reserved 1048576K
}
Event: 2004.304 GC heap after
{Heap after GC invocations=858 (full 9):
 PSYoungGen      total 3072K, used 1184K [0x00000000eab00000, 0x00000000eb200000, 0x0000000100000000)
  eden space 1536K, 0% used [0x00000000eab00000,0x00000000eab00000,0x00000000eac80000)
  from space 1536K, 77% used [0x00000000ead80000,0x00000000eaea8000,0x00000000eaf00000)
  to   space 2048K, 0% used [0x00000000eb000000,0x00000000eb000000,0x00000000eb200000)
 ParOldGen       total 387072K, used 381341K [0x00000000c0000000, 0x00000000d7a00000, 0x00000000eab00000)
  object space 387072K, 98% used [0x00000000c0000000,0x00000000d7467658,0x00000000d7a00000)
 Metaspace       used 86477K, committed 87936K, reserved 1179648K
  class space    used 8729K, committed 9408K, reserved 1048576K
}
Event: 2004.322 GC heap before
{Heap before GC invocations=859 (full 9):
 PSYoungGen      total 3072K, used 2704K [0x00000000eab00000, 0x00000000eb200000, 0x0000000100000000)
  eden space 1536K, 98% used [0x00000000eab00000,0x00000000eac7c0a0,0x00000000eac80000)
  from space 1536K, 77% used [0x00000000ead80000,0x00000000eaea8000,0x00000000eaf00000)
  to   space 2048K, 0% used [0x00000000eb000000,0x00000000eb000000,0x00000000eb200000)
 ParOldGen       total 387072K, used 381341K [0x00000000c0000000, 0x00000000d7a00000, 0x00000000eab00000)
  object space 387072K, 98% used [0x00000000c0000000,0x00000000d7467658,0x00000000d7a00000)
 Metaspace       used 86485K, committed 87936K, reserved 1179648K
  class space    used 8729K, committed 9408K, reserved 1048576K
}
Event: 2004.323 GC heap after
{Heap after GC invocations=859 (full 9):
 PSYoungGen      total 3072K, used 680K [0x00000000eab00000, 0x00000000eb100000, 0x0000000100000000)
  eden space 2048K, 0% used [0x00000000eab00000,0x00000000eab00000,0x00000000ead00000)
  from space 1024K, 66% used [0x00000000eb000000,0x00000000eb0aa268,0x00000000eb100000)
  to   space 1024K, 0% used [0x00000000eaf00000,0x00000000eaf00000,0x00000000eb000000)
 ParOldGen       total 387072K, used 382318K [0x00000000c0000000, 0x00000000d7a00000, 0x00000000eab00000)
  object space 387072K, 98% used [0x00000000c0000000,0x00000000d755b8a0,0x00000000d7a00000)
 Metaspace       used 86485K, committed 87936K, reserved 1179648K
  class space    used 8729K, committed 9408K, reserved 1048576K
}
Event: 2004.327 GC heap before
{Heap before GC invocations=860 (full 9):
 PSYoungGen      total 3072K, used 2727K [0x00000000eab00000, 0x00000000eb100000, 0x0000000100000000)
  eden space 2048K, 99% used [0x00000000eab00000,0x00000000eacffce8,0x00000000ead00000)
  from space 1024K, 66% used [0x00000000eb000000,0x00000000eb0aa268,0x00000000eb100000)
  to   space 1024K, 0% used [0x00000000eaf00000,0x00000000eaf00000,0x00000000eb000000)
 ParOldGen       total 387072K, used 382318K [0x00000000c0000000, 0x00000000d7a00000, 0x00000000eab00000)
  object space 387072K, 98% used [0x00000000c0000000,0x00000000d755b8a0,0x00000000d7a00000)
 Metaspace       used 86486K, committed 87936K, reserved 1179648K
  class space    used 8729K, committed 9408K, reserved 1048576K
}
Event: 2004.329 GC heap after
{Heap after GC invocations=860 (full 9):
 PSYoungGen      total 3584K, used 704K [0x00000000eab00000, 0x00000000eb080000, 0x0000000100000000)
  eden space 2560K, 0% used [0x00000000eab00000,0x00000000eab00000,0x00000000ead80000)
  from space 1024K, 68% used [0x00000000eaf00000,0x00000000eafb0010,0x00000000eb000000)
  to   space 512K, 0% used [0x00000000eb000000,0x00000000eb000000,0x00000000eb080000)
 ParOldGen       total 387072K, used 382890K [0x00000000c0000000, 0x00000000d7a00000, 0x00000000eab00000)
  object space 387072K, 98% used [0x00000000c0000000,0x00000000d75ea868,0x00000000d7a00000)
 Metaspace       used 86486K, committed 87936K, reserved 1179648K
  class space    used 8729K, committed 9408K, reserved 1048576K
}
Event: 2004.355 GC heap before
{Heap before GC invocations=861 (full 9):
 PSYoungGen      total 3584K, used 3264K [0x00000000eab00000, 0x00000000eb080000, 0x0000000100000000)
  eden space 2560K, 100% used [0x00000000eab00000,0x00000000ead80000,0x00000000ead80000)
  from space 1024K, 68% used [0x00000000eaf00000,0x00000000eafb0010,0x00000000eb000000)
  to   space 512K, 0% used [0x00000000eb000000,0x00000000eb000000,0x00000000eb080000)
 ParOldGen       total 387072K, used 382890K [0x00000000c0000000, 0x00000000d7a00000, 0x00000000eab00000)
  object space 387072K, 98% used [0x00000000c0000000,0x00000000d75ea868,0x00000000d7a00000)
 Metaspace       used 86498K, committed 87936K, reserved 1179648K
  class space    used 8729K, committed 9408K, reserved 1048576K
}
Event: 2004.356 GC heap after
{Heap after GC invocations=861 (full 9):
 PSYoungGen      total 3584K, used 352K [0x00000000eab00000, 0x00000000eb080000, 0x0000000100000000)
  eden space 3072K, 0% used [0x00000000eab00000,0x00000000eab00000,0x00000000eae00000)
  from space 512K, 68% used [0x00000000eb000000,0x00000000eb058000,0x00000000eb080000)
  to   space 512K, 0% used [0x00000000eaf80000,0x00000000eaf80000,0x00000000eb000000)
 ParOldGen       total 387072K, used 383394K [0x00000000c0000000, 0x00000000d7a00000, 0x00000000eab00000)
  object space 387072K, 99% used [0x00000000c0000000,0x00000000d7668878,0x00000000d7a00000)
 Metaspace       used 86498K, committed 87936K, reserved 1179648K
  class space    used 8729K, committed 9408K, reserved 1048576K
}
Event: 2004.382 GC heap before
{Heap before GC invocations=862 (full 9):
 PSYoungGen      total 3584K, used 3424K [0x00000000eab00000, 0x00000000eb080000, 0x0000000100000000)
  eden space 3072K, 100% used [0x00000000eab00000,0x00000000eae00000,0x00000000eae00000)
  from space 512K, 68% used [0x00000000eb000000,0x00000000eb058000,0x00000000eb080000)
  to   space 512K, 0% used [0x00000000eaf80000,0x00000000eaf80000,0x00000000eb000000)
 ParOldGen       total 387072K, used 383394K [0x00000000c0000000, 0x00000000d7a00000, 0x00000000eab00000)
  object space 387072K, 99% used [0x00000000c0000000,0x00000000d7668878,0x00000000d7a00000)
 Metaspace       used 86499K, committed 87936K, reserved 1179648K
  class space    used 8729K, committed 9408K, reserved 1048576K
}
Event: 2004.383 GC heap after
{Heap after GC invocations=862 (full 9):
 PSYoungGen      total 3584K, used 472K [0x00000000eab00000, 0x00000000eb080000, 0x0000000100000000)
  eden space 3072K, 0% used [0x00000000eab00000,0x00000000eab00000,0x00000000eae00000)
  from space 512K, 92% used [0x00000000eaf80000,0x00000000eaff6268,0x00000000eb000000)
  to   space 512K, 0% used [0x00000000eb000000,0x00000000eb000000,0x00000000eb080000)
 ParOldGen       total 387072K, used 383531K [0x00000000c0000000, 0x00000000d7a00000, 0x00000000eab00000)
  object space 387072K, 99% used [0x00000000c0000000,0x00000000d768ae40,0x00000000d7a00000)
 Metaspace       used 86499K, committed 87936K, reserved 1179648K
  class space    used 8729K, committed 9408K, reserved 1048576K
}
Event: 2004.390 GC heap before
{Heap before GC invocations=863 (full 9):
 PSYoungGen      total 3584K, used 3544K [0x00000000eab00000, 0x00000000eb080000, 0x0000000100000000)
  eden space 3072K, 100% used [0x00000000eab00000,0x00000000eae00000,0x00000000eae00000)
  from space 512K, 92% used [0x00000000eaf80000,0x00000000eaff6268,0x00000000eb000000)
  to   space 512K, 0% used [0x00000000eb000000,0x00000000eb000000,0x00000000eb080000)
 ParOldGen       total 387072K, used 383531K [0x00000000c0000000, 0x00000000d7a00000, 0x00000000eab00000)
  object space 387072K, 99% used [0x00000000c0000000,0x00000000d768ae40,0x00000000d7a00000)
 Metaspace       used 86500K, committed 87936K, reserved 1179648K
  class space    used 8729K, committed 9408K, reserved 1048576K
}
Event: 2004.391 GC heap after
{Heap after GC invocations=863 (full 9):
 PSYoungGen      total 3584K, used 480K [0x00000000eab00000, 0x00000000eb080000, 0x0000000100000000)
  eden space 3072K, 0% used [0x00000000eab00000,0x00000000eab00000,0x00000000eae00000)
  from space 512K, 93% used [0x00000000eb000000,0x00000000eb078020,0x00000000eb080000)
  to   space 1024K, 0% used [0x00000000eae80000,0x00000000eae80000,0x00000000eaf80000)
 ParOldGen       total 387072K, used 383691K [0x00000000c0000000, 0x00000000d7a00000, 0x00000000eab00000)
  object space 387072K, 99% used [0x00000000c0000000,0x00000000d76b2e40,0x00000000d7a00000)
 Metaspace       used 86500K, committed 87936K, reserved 1179648K
  class space    used 8729K, committed 9408K, reserved 1048576K
}
Event: 2142.516 GC heap before
{Heap before GC invocations=864 (full 9):
 PSYoungGen      total 3584K, used 3550K [0x00000000eab00000, 0x00000000eb080000, 0x0000000100000000)
  eden space 3072K, 99% used [0x00000000eab00000,0x00000000eadffb98,0x00000000eae00000)
  from space 512K, 93% used [0x00000000eb000000,0x00000000eb078020,0x00000000eb080000)
  to   space 1024K, 0% used [0x00000000eae80000,0x00000000eae80000,0x00000000eaf80000)
 ParOldGen       total 387072K, used 383691K [0x00000000c0000000, 0x00000000d7a00000, 0x00000000eab00000)
  object space 387072K, 99% used [0x00000000c0000000,0x00000000d76b2e40,0x00000000d7a00000)
 Metaspace       used 86501K, committed 87936K, reserved 1179648K
  class space    used 8730K, committed 9408K, reserved 1048576K
}
Event: 2142.517 GC heap after
{Heap after GC invocations=864 (full 9):
 PSYoungGen      total 4096K, used 384K [0x00000000eab00000, 0x00000000eb080000, 0x0000000100000000)
  eden space 3072K, 0% used [0x00000000eab00000,0x00000000eab00000,0x00000000eae00000)
  from space 1024K, 37% used [0x00000000eae80000,0x00000000eaee0020,0x00000000eaf80000)
  to   space 512K, 0% used [0x00000000eb000000,0x00000000eb000000,0x00000000eb080000)
 ParOldGen       total 387072K, used 384130K [0x00000000c0000000, 0x00000000d7a00000, 0x00000000eab00000)
  object space 387072K, 99% used [0x00000000c0000000,0x00000000d7720ae8,0x00000000d7a00000)
 Metaspace       used 86501K, committed 87936K, reserved 1179648K
  class space    used 8730K, committed 9408K, reserved 1048576K
}
Event: 2142.538 GC heap before
{Heap before GC invocations=865 (full 9):
 PSYoungGen      total 4096K, used 3456K [0x00000000eab00000, 0x00000000eb080000, 0x0000000100000000)
  eden space 3072K, 100% used [0x00000000eab00000,0x00000000eae00000,0x00000000eae00000)
  from space 1024K, 37% used [0x00000000eae80000,0x00000000eaee0020,0x00000000eaf80000)
  to   space 512K, 0% used [0x00000000eb000000,0x00000000eb000000,0x00000000eb080000)
 ParOldGen       total 387072K, used 384130K [0x00000000c0000000, 0x00000000d7a00000, 0x00000000eab00000)
  object space 387072K, 99% used [0x00000000c0000000,0x00000000d7720ae8,0x00000000d7a00000)
 Metaspace       used 86507K, committed 87936K, reserved 1179648K
  class space    used 8730K, committed 9408K, reserved 1048576K
}
Event: 2142.539 GC heap after
{Heap after GC invocations=865 (full 9):
 PSYoungGen      total 3584K, used 512K [0x00000000eab00000, 0x00000000eb200000, 0x0000000100000000)
  eden space 3072K, 0% used [0x00000000eab00000,0x00000000eab00000,0x00000000eae00000)
  from space 512K, 100% used [0x00000000eb000000,0x00000000eb080000,0x00000000eb080000)
  to   space 2048K, 0% used [0x00000000eae00000,0x00000000eae00000,0x00000000eb000000)
 ParOldGen       total 387072K, used 385320K [0x00000000c0000000, 0x00000000d7a00000, 0x00000000eab00000)
  object space 387072K, 99% used [0x00000000c0000000,0x00000000d784a188,0x00000000d7a00000)
 Metaspace       used 86507K, committed 87936K, reserved 1179648K
  class space    used 8730K, committed 9408K, reserved 1048576K
}
Event: 2142.543 GC heap before
{Heap before GC invocations=866 (full 9):
 PSYoungGen      total 3584K, used 3584K [0x00000000eab00000, 0x00000000eb200000, 0x0000000100000000)
  eden space 3072K, 100% used [0x00000000eab00000,0x00000000eae00000,0x00000000eae00000)
  from space 512K, 100% used [0x00000000eb000000,0x00000000eb080000,0x00000000eb080000)
  to   space 2048K, 0% used [0x00000000eae00000,0x00000000eae00000,0x00000000eb000000)
 ParOldGen       total 387072K, used 385320K [0x00000000c0000000, 0x00000000d7a00000, 0x00000000eab00000)
  object space 387072K, 99% used [0x00000000c0000000,0x00000000d784a188,0x00000000d7a00000)
 Metaspace       used 86507K, committed 87936K, reserved 1179648K
  class space    used 8730K, committed 9408K, reserved 1048576K
}
Event: 2142.545 GC heap after
{Heap after GC invocations=866 (full 9):
 PSYoungGen      total 5120K, used 2048K [0x00000000eab00000, 0x00000000eb600000, 0x0000000100000000)
  eden space 3072K, 0% used [0x00000000eab00000,0x00000000eab00000,0x00000000eae00000)
  from space 2048K, 100% used [0x00000000eae00000,0x00000000eb000000,0x00000000eb000000)
  to   space 4096K, 0% used [0x00000000eb200000,0x00000000eb200000,0x00000000eb600000)
 ParOldGen       total 387072K, used 386792K [0x00000000c0000000, 0x00000000d7a00000, 0x00000000eab00000)
  object space 387072K, 99% used [0x00000000c0000000,0x00000000d79ba188,0x00000000d7a00000)
 Metaspace       used 86507K, committed 87936K, reserved 1179648K
  class space    used 8730K, committed 9408K, reserved 1048576K
}
Event: 2142.552 GC heap before
{Heap before GC invocations=867 (full 10):
 PSYoungGen      total 5120K, used 4795K [0x00000000eab00000, 0x00000000eb600000, 0x0000000100000000)
  eden space 3072K, 89% used [0x00000000eab00000,0x00000000eadaed08,0x00000000eae00000)
  from space 2048K, 100% used [0x00000000eae00000,0x00000000eb000000,0x00000000eb000000)
  to   space 4096K, 0% used [0x00000000eb200000,0x00000000eb200000,0x00000000eb600000)
 ParOldGen       total 387072K, used 386792K [0x00000000c0000000, 0x00000000d7a00000, 0x00000000eab00000)
  object space 387072K, 99% used [0x00000000c0000000,0x00000000d79ba188,0x00000000d7a00000)
 Metaspace       used 86507K, committed 87936K, reserved 1179648K
  class space    used 8730K, committed 9408K, reserved 1048576K
}

